<?xml version="1.0" encoding="UTF-8"?>
<!-- Generated by org.testng.reporters.JUnitReportReporter -->
<testsuite hostname="LAPTOP-LFOCDL2H" failures="0" tests="1" name="Test_package.TV_Apliances_Menu_test" time="7.607" errors="0" timestamp="2023-03-03T14:23:59 IST" skipped="0">
  <testcase classname="Test_package.TV_Apliances_Menu_test" name="TV_Apliances" time="7.607"/>
  <system-out/>
</testsuite> <!-- Test_package.TV_Apliances_Menu_test -->
