<?xml version="1.0" encoding="UTF-8"?>
<!-- Generated by org.testng.reporters.JUnitReportReporter -->
<testsuite hostname="LAPTOP-LFOCDL2H" failures="0" tests="1" name="Test_package.Sports_book_more_test" time="7.585" errors="0" timestamp="2023-03-03T14:28:08 IST" skipped="0">
  <testcase classname="Test_package.Sports_book_more_test" name="Sports_book_more" time="7.585"/>
  <system-out/>
</testsuite> <!-- Test_package.Sports_book_more_test -->
