<?xml version="1.0" encoding="UTF-8"?>
<!-- Generated by org.testng.reporters.JUnitReportReporter -->
<testsuite hostname="LAPTOP-LFOCDL2H" failures="0" tests="1" name="Test_package.Baby_Kids_test" time="7.709" errors="0" timestamp="2023-03-03T14:13:20 IST" skipped="0">
  <testcase classname="Test_package.Baby_Kids_test" name="baby_kids_subMenu" time="7.709"/>
  <system-out/>
</testsuite> <!-- Test_package.Baby_Kids_test -->
