<?xml version="1.0" encoding="UTF-8"?>
<!-- Generated by org.testng.reporters.JUnitReportReporter -->
<testsuite hostname="LAPTOP-LFOCDL2H" failures="0" tests="1" name="Test_package.Electronics_menu_test" time="7.961" errors="0" timestamp="2023-03-03T14:54:14 IST" skipped="0">
  <testcase classname="Test_package.Electronics_menu_test" name="ListOfMobiles" time="7.961"/>
  <system-out/>
</testsuite> <!-- Test_package.Electronics_menu_test -->
