<?xml version="1.0" encoding="UTF-8"?>
<!-- Generated by org.testng.reporters.JUnitReportReporter -->
<testsuite hostname="LAPTOP-LFOCDL2H" failures="0" tests="1" name="Test_package.Women_menu_test" time="7.688" errors="0" timestamp="2023-03-03T14:17:32 IST" skipped="0">
  <testcase classname="Test_package.Women_menu_test" name="subMenuOf_WomenMenu" time="7.688"/>
  <system-out/>
</testsuite> <!-- Test_package.Women_menu_test -->
