<?xml version="1.0" encoding="UTF-8"?>
<!-- Generated by org.testng.reporters.JUnitReportReporter -->
<testsuite hostname="LAPTOP-LFOCDL2H" failures="0" tests="1" name="Test_package.Home_Furniture_menu_test" time="7.597" errors="0" timestamp="2023-03-03T14:14:02 IST" skipped="0">
  <testcase classname="Test_package.Home_Furniture_menu_test" name="Home_Furniture_menu" time="7.597"/>
  <system-out/>
</testsuite> <!-- Test_package.Home_Furniture_menu_test -->
