<?xml version="1.0" encoding="UTF-8"?>
<!-- Generated by org.testng.reporters.JUnitReportReporter -->
<testsuite hostname="LAPTOP-LFOCDL2H" failures="0" tests="1" name="Test_package.Men_menu_test" time="7.563" errors="0" timestamp="2023-03-03T14:04:11 IST" skipped="0">
  <testcase classname="Test_package.Men_menu_test" name="subMenuOfMen_menu" time="7.563"/>
  <system-out/>
</testsuite> <!-- Test_package.Men_menu_test -->
